<?xml version="1.0" encoding="UTF-8"?>
<!-- Generated by org.testng.reporters.JUnitXMLReporter -->
<testsuite ignored="0" hostname="PREDATOR" failures="0" tests="9" name="Default test" time="341.229" errors="0" timestamp="2021-11-22T05:32:39 IST">
  <testcase classname="tests.Test1" name="SelectCity" time="42.534"/>
  <testcase classname="tests.Test1" name="SelectDates" time="20.255"/>
  <testcase classname="tests.Test1" name="SelectGuests" time="21.507"/>
  <testcase classname="tests.Test1" name="Click_ShowHotels" time="20.562"/>
  <testcase classname="tests.Test1" name="Click_LeastHotel" time="26.377"/>
  <testcase classname="tests.Test1" name="Click_LeastRoom" time="21.639"/>
  <testcase classname="tests.Test1" name="Enter_Details" time="110.593"/>
  <testcase classname="tests.Test1" name="Enter_CardDetails" time="31.549"/>
  <testcase classname="tests.Test1" name="Alert_verify" time="20.428"/>
</testsuite> <!-- Default test -->
