<?xml version="1.0" encoding="UTF-8"?>
<!-- Generated by org.testng.reporters.JUnitXMLReporter -->
<testsuite ignored="0" hostname="PREDATOR" failures="0" tests="9" name="Test" time="205.486" errors="0" timestamp="2021-11-22T12:46:02 IST">
  <testcase classname="tests.Test1" name="SelectCity" time="22.019"/>
  <testcase classname="tests.Test1" name="SelectDates" time="15.791"/>
  <testcase classname="tests.Test1" name="SelectGuests" time="8.073"/>
  <testcase classname="tests.Test1" name="Click_ShowHotels" time="26.905"/>
  <testcase classname="tests.Test1" name="Click_LeastHotel" time="30.549"/>
  <testcase classname="tests.Test1" name="Click_LeastRoom" time="12.976"/>
  <testcase classname="tests.Test1" name="Enter_Details" time="45.418"/>
  <testcase classname="tests.Test1" name="Enter_CardDetails" time="13.001"/>
  <testcase classname="tests.Test1" name="Alert_verify" time="5.353"/>
</testsuite> <!-- Test -->
